Card Type: 1 (SDHC)
SD Card: 29823 MB
SD Card mounted successfully!
枚举/
[DIR]  //System Volume Information
[DIR]  //1
[DIR]  //dir
[DIR]  //font
[FILE] //1.txt          3
[DIR]  //pic
[DIR]  //video
[DIR]  //noice test
枚举/font
[FILE] /font/simsun_12x13_normal.ufnt           142185
[FILE] /font/simsun_12x13_tiny.ufnt             14223
[FILE] /font/simsun_12x13_large.ufnt            315093
枚举/pic
[FILE] /pic/cyrene.bmp          61494
[FILE] /pic/creeper.bmp         822
[FILE] /pic/hyacine.bmp         61494
[FILE] /pic/evernight.bmp               61494
[FILE] /pic/castorice.bmp               61494
[FILE] /pic/castorice.jpg               14587
[FILE] /pic/evernight.jpg               11816
[FILE] /pic/hyacine.jpg         13261
[FILE] /pic/cyrene.jpg          11939
[FILE] /pic/昔涟.jpg            11939
枚举/video
[FILE] /video/hello world(mjpg).avi             16871580
[FILE] /video/hello world(raw 565le).avi                251729490
[FILE] /video/bad apple(mjpg).avi               19128792
[FILE] /video/bad apple(raw 565le).avi          285418338
[FILE] /video/bad apple(raw 565be).avi          285418338
[FILE] /video/hello world(raw 565be).avi                251729490
[FILE] /video/hello world(mjpg)(no black filled).avi            26728662
[FILE] /video/hello world(raw 565be)(no black filled).avi               177042770
[FILE] /video/hello world(raw 565le)(no black filled).avi               177042770
[FILE] /video/bad apple(mjpg)(no black filled).avi              18895290
[FILE] /video/bad apple(raw 565le)(no black filled).avi         267590498
[FILE] /video/bad apple(raw 565be)(no black filled).avi         267590498
开始加载字体: /font/simsun_12x13_large.ufnt
字符索引解析完成，共 7947 个字符
字符数超过1000，禁用索引缓存，使用直接文件读取模式
字体加载完成!
字体large加载成功！
堆内存检测: 申请 2241 个节点, 共 80676 字节

=== SD卡读写速度测试 ===
测试文件大小: 16384 KB

--- 写入测试 ---
写入完成: 16777216 字节
写入耗时: 4410 ms
写入速度: 3804 KB/s

--- 读取测试 ---
读取完成: 16777216 字节
读取耗时: 2171 ms
读取速度: 7727 KB/s

--- 数据校验 ---
数据校验: 通过

--- 清理测试文件 ---
删除测试文件: 成功

=== 测试完成 ===

正常加载bmp耗时 100 tick
正常显示bmp耗时 14 tick
流式显示bmp耗时 101 tick
正常加载jpg耗时 274 tick
正常显示jpg耗时 14 tick
峰值内存检测：堆内存检测: 申请 1307 个节点, 共 47052 字节
流式显示jpg耗时 280 tick
流式显示jpg耗时 274 tick

=== SPI 速度测试 ===

--- SPI 分频 8 (6000 kHz) ---
刷屏 100 次, 耗时 5673 ms
帧率: 17.63 fps, 带宽: 722 KB/s

--- SPI 分频 4 (12000 kHz) ---
刷屏 100 次, 耗时 2918 ms
帧率: 34.27 fps, 带宽: 1404 KB/s

--- SPI 分频 2 (24000 kHz) ---
刷屏 100 次, 耗时 1541 ms
帧率: 64.89 fps, 带宽: 2658 KB/s

=== 测试完成，已恢复最高速度 ===

堆内存检测: 申请 2236 个节点, 共 80496 字节
即将播放/video/hello world(mjpg).avi
视频大小: 160x128
帧率: 24
帧数: 6142
时长: 255916 ms
格式: MJPEG
播放用时 255971 ms
渲染帧数: 1190
跳帧数: 4949
平均帧率: 4.65 fps
即将播放/video/hello world(raw 565le).avi
视频大小: 160x128
帧率: 24
帧数: 6142
时长: 255916 ms
格式: RGB565
播放用时 255923 ms
渲染帧数: 6085
跳帧数: 57
平均帧率: 23.78 fps
即将播放/video/bad apple(mjpg).avi
视频大小: 160x128
帧率: 30
帧数: 6964
时长: 232133 ms
格式: MJPEG
播放用时 232291 ms
渲染帧数: 1131
跳帧数: 5833
平均帧率: 4.87 fps
即将播放/video/bad apple(raw 565le).avi
视频大小: 160x128
帧率: 30
帧数: 6964
时长: 232133 ms
格式: RGB565
播放用时 232138 ms
渲染帧数: 5763
跳帧数: 1200
平均帧率: 24.83 fps
即将播放/video/bad apple(raw 565be).avi
视频大小: 160x128
帧率: 30
帧数: 6964
时长: 232133 ms
格式: RGB565
播放用时 232127 ms
渲染帧数: 6568
跳帧数: 396
平均帧率: 28.29 fps
即将播放/video/hello world(raw 565be).avi
视频大小: 160x128
帧率: 24
帧数: 6142
时长: 255916 ms
格式: RGB565
播放用时 255901 ms
渲染帧数: 6119
跳帧数: 23
平均帧率: 23.91 fps
即将播放/video/hello world(mjpg)(no black filled).avi
视频大小: 160x90
帧率: 24
帧数: 6142
时长: 255916 ms
格式: MJPEG
播放用时 255979 ms
渲染帧数: 1446
跳帧数: 4694
平均帧率: 5.65 fps
即将播放/video/hello world(raw 565be)(no black filled).avi
视频大小: 160x90
帧率: 24
帧数: 6142
时长: 255916 ms
格式: RGB565
播放用时 255891 ms
渲染帧数: 6137
跳帧数: 5
平均帧率: 23.98 fps
即将播放/video/hello world(raw 565le)(no black filled).avi
视频大小: 160x90
帧率: 24
帧数: 6142
时长: 255916 ms
格式: RGB565
播放用时 255898 ms
渲染帧数: 6132
跳帧数: 10
平均帧率: 23.96 fps
即将播放/video/bad apple(mjpg)(no black filled).avi
视频大小: 160x120
帧率: 30
帧数: 6964
时长: 232133 ms
格式: MJPEG
播放用时 232209 ms
渲染帧数: 1138
跳帧数: 5823
平均帧率: 4.90 fps
即将播放/video/bad apple(raw 565le)(no black filled).avi
视频大小: 160x120
帧率: 30
帧数: 6964
时长: 232133 ms
格式: RGB565
播放用时 232132 ms
渲染帧数: 6105
跳帧数: 858
平均帧率: 26.30 fps
即将播放/video/bad apple(raw 565be)(no black filled).avi
视频大小: 160x120
帧率: 30
帧数: 6964
时长: 232133 ms
格式: RGB565
播放用时 232124 ms
渲染帧数: 6648
跳帧数: 316
平均帧率: 28.64 fps
堆内存检测: 申请 2236 个节点, 共 80496 字节